<?xml version="1.0" encoding="UTF-8"?>
<!-- Generated by org.testng.reporters.JUnitReportReporter -->
<testsuite skipped="0" hostname="DESKTOP-42ER5TB" name="com.hybridFramework.productDetailsPage.VerifyLowestFirstPriceFilter" tests="1" failures="0" timestamp="10 Apr 2018 13:10:52 GMT" time="32.655" errors="0">
  <testcase name="verifyLowestFirstPriceListInProduct_deatilsPage" time="32.655" classname="com.hybridFramework.productDetailsPage.VerifyLowestFirstPriceFilter"/>
</testsuite> <!-- com.hybridFramework.productDetailsPage.VerifyLowestFirstPriceFilter -->
