<?xml version="1.0" encoding="UTF-8"?>
<!-- Generated by org.testng.reporters.JUnitReportReporter -->
<testsuite skipped="0" hostname="DESKTOP-42ER5TB" name="com.hybridFramework.loginPage.LoginTest" tests="1" failures="0" timestamp="10 Apr 2018 13:01:00 GMT" time="26.954" errors="0">
  <testcase name="testLoginToApplication" time="26.954" classname="com.hybridFramework.loginPage.LoginTest"/>
</testsuite> <!-- com.hybridFramework.loginPage.LoginTest -->
