<?xml version="1.0" encoding="UTF-8"?>
<!-- Generated by org.testng.reporters.JUnitReportReporter -->
<testsuite skipped="0" hostname="DESKTOP-42ER5TB" name="parallelTest.ParallelTest" tests="4" failures="0" timestamp="10 Apr 2018 14:23:03 GMT" time="88.954" errors="0">
  <testcase name="loginTest" time="6.173" classname="parallelTest.ParallelTest"/>
  <testcase name="loginTest" time="14.130" classname="parallelTest.ParallelTest"/>
  <testcase name="loginTest" time="38.838" classname="parallelTest.ParallelTest"/>
  <testcase name="loginTest" time="29.813" classname="parallelTest.ParallelTest"/>
</testsuite> <!-- parallelTest.ParallelTest -->
