<?xml version="1.0" encoding="UTF-8"?>
<!-- Generated by org.testng.reporters.JUnitReportReporter -->
<testsuite skipped="0" hostname="DESKTOP-42ER5TB" name="com.hybridFramework.dbTest.DBTest" tests="1" failures="0" timestamp="07 Apr 2018 15:57:11 GMT" time="0.499" errors="0">
  <testcase name="updateDBdata" time="0.499" classname="com.hybridFramework.dbTest.DBTest"/>
</testsuite> <!-- com.hybridFramework.dbTest.DBTest -->
