<?xml version="1.0" encoding="UTF-8"?>
<!-- Generated by org.testng.reporters.JUnitReportReporter -->
<testsuite skipped="0" hostname="DESKTOP-42ER5TB" name="excelTutorial.excellTest.ExcellTest1" tests="1" failures="0" timestamp="01 Apr 2018 11:54:58 GMT" time="0.943" errors="0">
  <testcase name="testExcellTest1" time="0.943" classname="excelTutorial.excellTest.ExcellTest1"/>
</testsuite> <!-- excelTutorial.excellTest.ExcellTest1 -->
