<?xml version="1.0" encoding="UTF-8"?>
<!-- Generated by org.testng.reporters.JUnitReportReporter -->
<testsuite skipped="0" hostname="DESKTOP-42ER5TB" name="com.grid.Naveen_Grid" tests="1" failures="0" timestamp="10 Apr 2018 14:17:35 GMT" time="66.318" errors="0">
  <testcase name="testNaveen_Grid" time="66.318" classname="com.grid.Naveen_Grid"/>
</testsuite> <!-- com.grid.Naveen_Grid -->
