<?xml version="1.0" encoding="UTF-8"?>
<!-- Generated by org.testng.reporters.JUnitReportReporter -->
<testsuite skipped="0" hostname="DESKTOP-42ER5TB" name="com.hybridFramework.registration.Registration" tests="1" failures="0" timestamp="10 Apr 2018 13:08:20 GMT" time="31.340" errors="0">
  <testcase name="testLoginToApplication" time="31.340" classname="com.hybridFramework.registration.Registration"/>
</testsuite> <!-- com.hybridFramework.registration.Registration -->
