<?xml version="1.0" encoding="UTF-8"?>
<!-- Generated by org.testng.reporters.JUnitReportReporter -->
<testsuite skipped="0" hostname="DESKTOP-42ER5TB" name="com.hybridFramework.examples.TestLogin" tests="1" failures="0" timestamp="28 Mar 2018 17:44:26 GMT" time="17.702" errors="0">
  <testcase name="testLogin" time="17.702" classname="com.hybridFramework.examples.TestLogin"/>
</testsuite> <!-- com.hybridFramework.examples.TestLogin -->
