<?xml version="1.0" encoding="UTF-8"?>
<!-- Generated by org.testng.reporters.JUnitReportReporter -->
<testsuite skipped="0" hostname="DESKTOP-42ER5TB" name="com.hybridFramework.examples.Excel_reading" tests="7" failures="0" timestamp="28 Mar 2018 09:50:53 GMT" time="0.044" errors="0">
  <testcase name="testExcel" time="0.005" classname="com.hybridFramework.examples.Excel_reading"/>
  <testcase name="testExcel" time="0.006" classname="com.hybridFramework.examples.Excel_reading"/>
  <testcase name="testExcel" time="0.007" classname="com.hybridFramework.examples.Excel_reading"/>
  <testcase name="testExcel" time="0.011" classname="com.hybridFramework.examples.Excel_reading"/>
  <testcase name="testExcel" time="0.002" classname="com.hybridFramework.examples.Excel_reading"/>
  <testcase name="testExcel" time="0.004" classname="com.hybridFramework.examples.Excel_reading"/>
  <testcase name="testExcel" time="0.009" classname="com.hybridFramework.examples.Excel_reading"/>
</testsuite> <!-- com.hybridFramework.examples.Excel_reading -->
